0 info it worked if it ends with ok
1 verbose cli [ '/usr/local/bin/node',
1 verbose cli   '/usr/local/bin/npm',
1 verbose cli   'install',
1 verbose cli   '-g',
1 verbose cli   'bower' ]
2 info using npm@2.14.12
3 info using node@v4.3.1
4 verbose install initial load of /usr/local/lib/package.json
5 verbose readDependencies loading dependencies from /usr/local/lib/package.json
6 silly cache add args [ 'bower', null ]
7 verbose cache add spec bower
8 silly cache add parsed spec Result {
8 silly cache add   raw: 'bower',
8 silly cache add   scope: null,
8 silly cache add   name: 'bower',
8 silly cache add   rawSpec: '',
8 silly cache add   spec: 'latest',
8 silly cache add   type: 'tag' }
9 silly addNamed bower@latest
10 verbose addNamed "latest" is being treated as a dist-tag for bower
11 info addNameTag [ 'bower', 'latest' ]
12 silly mapToRegistry name bower
13 silly mapToRegistry using default registry
14 silly mapToRegistry registry https://registry.npmjs.org/
15 silly mapToRegistry uri https://registry.npmjs.org/bower
16 verbose addNameTag registry:https://registry.npmjs.org/bower not in flight; fetching
17 verbose request uri https://registry.npmjs.org/bower
18 verbose request no auth needed
19 info attempt registry request try #1 at 2:05:43 PM
20 verbose request id 5c7c9777ccd225c4
21 http request GET https://registry.npmjs.org/bower
22 http 200 https://registry.npmjs.org/bower
23 verbose headers { server: 'CouchDB/1.5.0 (Erlang OTP/R16B03)',
23 verbose headers   etag: '"A80EOQ64EKDLYTEIF3XCCPA2H"',
23 verbose headers   'content-type': 'application/json',
23 verbose headers   'cache-control': 'max-age=300',
23 verbose headers   'content-length': '169325',
23 verbose headers   'accept-ranges': 'bytes',
23 verbose headers   date: 'Tue, 08 Mar 2016 21:05:44 GMT',
23 verbose headers   via: '1.1 varnish',
23 verbose headers   age: '79',
23 verbose headers   connection: 'keep-alive',
23 verbose headers   'x-served-by': 'cache-sjc3132-SJC',
23 verbose headers   'x-cache': 'HIT',
23 verbose headers   'x-cache-hits': '2',
23 verbose headers   'x-timer': 'S1457471144.247303,VS0,VE0',
23 verbose headers   vary: 'Accept' }
24 silly get cb [ 200,
24 silly get   { server: 'CouchDB/1.5.0 (Erlang OTP/R16B03)',
24 silly get     etag: '"A80EOQ64EKDLYTEIF3XCCPA2H"',
24 silly get     'content-type': 'application/json',
24 silly get     'cache-control': 'max-age=300',
24 silly get     'content-length': '169325',
24 silly get     'accept-ranges': 'bytes',
24 silly get     date: 'Tue, 08 Mar 2016 21:05:44 GMT',
24 silly get     via: '1.1 varnish',
24 silly get     age: '79',
24 silly get     connection: 'keep-alive',
24 silly get     'x-served-by': 'cache-sjc3132-SJC',
24 silly get     'x-cache': 'HIT',
24 silly get     'x-cache-hits': '2',
24 silly get     'x-timer': 'S1457471144.247303,VS0,VE0',
24 silly get     vary: 'Accept' } ]
25 verbose get saving bower to /Users/michaelafoote/.npm/registry.npmjs.org/bower/.cache.json
26 silly addNameTag next cb for bower with tag latest
27 silly addNamed bower@1.7.7
28 verbose addNamed "1.7.7" is a plain semver version for bower
29 silly mapToRegistry name bower
30 silly mapToRegistry using default registry
31 silly mapToRegistry registry https://registry.npmjs.org/
32 silly mapToRegistry uri https://registry.npmjs.org/bower
33 verbose addRemoteTarball https://registry.npmjs.org/bower/-/bower-1.7.7.tgz not in flight; adding
34 verbose addRemoteTarball [ 'https://registry.npmjs.org/bower/-/bower-1.7.7.tgz',
34 verbose addRemoteTarball   '2fd7ff3ebdcba5a8ffcd84c397c8fdfe9f825f92' ]
35 info retry fetch attempt 1 at 2:05:44 PM
36 info attempt registry request try #1 at 2:05:44 PM
37 http fetch GET https://registry.npmjs.org/bower/-/bower-1.7.7.tgz
38 http fetch 200 https://registry.npmjs.org/bower/-/bower-1.7.7.tgz
39 silly fetchAndShaCheck shasum 2fd7ff3ebdcba5a8ffcd84c397c8fdfe9f825f92
40 verbose addTmpTarball /var/folders/_5/m7d9ty9n5rj_9vs3364glfnc0000gn/T/npm-55843-c8db10a6/registry.npmjs.org/bower/-/bower-1.7.7.tgz not in flight; adding
41 verbose addTmpTarball already have metadata; skipping unpack for bower@1.7.7
42 silly cache afterAdd bower@1.7.7
43 verbose afterAdd /Users/michaelafoote/.npm/bower/1.7.7/package/package.json not in flight; writing
44 verbose afterAdd /Users/michaelafoote/.npm/bower/1.7.7/package/package.json written
45 silly install resolved [ { name: 'bower',
45 silly install resolved     version: '1.7.7',
45 silly install resolved     description: 'The browser package manager',
45 silly install resolved     author: { name: 'Twitter' },
45 silly install resolved     license: 'MIT',
45 silly install resolved     repository: { type: 'git', url: 'git+https://github.com/bower/bower.git' },
45 silly install resolved     main: 'lib',
45 silly install resolved     bin: { bower: 'bin/bower' },
45 silly install resolved     homepage: 'http://bower.io',
45 silly install resolved     engines: { node: '>=0.10.0' },
45 silly install resolved     keywords: [ 'bower' ],
45 silly install resolved     files: [ 'bin', 'lib' ],
45 silly install resolved     bugs: { url: 'https://github.com/bower/bower/issues' },
45 silly install resolved     _id: 'bower@1.7.7',
45 silly install resolved     scripts: {},
45 silly install resolved     _shasum: '2fd7ff3ebdcba5a8ffcd84c397c8fdfe9f825f92',
45 silly install resolved     _from: 'bower@latest',
45 silly install resolved     _npmVersion: '3.5.3',
45 silly install resolved     _nodeVersion: '4.1.1',
45 silly install resolved     _npmUser: { name: 'sheerun', email: 'sheerun@sher.pl' },
45 silly install resolved     dist:
45 silly install resolved      { shasum: '2fd7ff3ebdcba5a8ffcd84c397c8fdfe9f825f92',
45 silly install resolved        tarball: 'http://registry.npmjs.org/bower/-/bower-1.7.7.tgz' },
45 silly install resolved     maintainers:
45 silly install resolved      [ [Object],
45 silly install resolved        [Object],
45 silly install resolved        [Object],
45 silly install resolved        [Object],
45 silly install resolved        [Object],
45 silly install resolved        [Object],
45 silly install resolved        [Object] ],
45 silly install resolved     directories: {},
45 silly install resolved     _resolved: 'https://registry.npmjs.org/bower/-/bower-1.7.7.tgz' } ]
46 info install bower@1.7.7 into /usr/local/lib
47 info installOne bower@1.7.7
48 verbose installOne of bower to /usr/local/lib not in flight; installing
49 verbose lock using /Users/michaelafoote/.npm/_locks/bower-e8debc5417026b57.lock for /usr/local/lib/node_modules/bower
50 silly install write writing bower 1.7.7 to /usr/local/lib/node_modules/bower
51 verbose unbuild lib/node_modules/bower
52 silly gentlyRm /usr/local/lib/node_modules/bower is being purged from base /usr/local
53 verbose gentlyRm don't care about contents; nuking /usr/local/lib/node_modules/bower
54 verbose tar unpack /Users/michaelafoote/.npm/bower/1.7.7/package.tgz
55 verbose tar unpacking to /usr/local/lib/node_modules/bower
56 silly gentlyRm /usr/local/lib/node_modules/bower is being purged
57 verbose gentlyRm don't care about contents; nuking /usr/local/lib/node_modules/bower
58 silly gunzTarPerm modes [ '755', '644' ]
59 error tar.unpack untar error /Users/michaelafoote/.npm/bower/1.7.7/package.tgz
60 verbose unlock done using /Users/michaelafoote/.npm/_locks/bower-e8debc5417026b57.lock for /usr/local/lib/node_modules/bower
61 verbose fstream_path /usr/local/lib/node_modules/bower
62 verbose fstream_type Directory
63 verbose fstream_class DirWriter
64 verbose stack Error: EACCES: permission denied, mkdir '/usr/local/lib/node_modules/bower'
64 verbose stack     at Error (native)
65 verbose fstream_stack /usr/local/lib/node_modules/npm/node_modules/fstream/lib/dir-writer.js:35:25
65 verbose fstream_stack /usr/local/lib/node_modules/npm/node_modules/mkdirp/index.js:47:53
65 verbose fstream_stack FSReqWrap.oncomplete (fs.js:82:15)
66 verbose cwd /Users/michaelafoote/Documents/AME 470/AME-470-Assignment-3
67 error Darwin 15.3.0
68 error argv "/usr/local/bin/node" "/usr/local/bin/npm" "install" "-g" "bower"
69 error node v4.3.1
70 error npm  v2.14.12
71 error path /usr/local/lib/node_modules/bower
72 error code EACCES
73 error errno -13
74 error syscall mkdir
75 error Error: EACCES: permission denied, mkdir '/usr/local/lib/node_modules/bower'
75 error     at Error (native)
75 error  { [Error: EACCES: permission denied, mkdir '/usr/local/lib/node_modules/bower']
75 error   errno: -13,
75 error   code: 'EACCES',
75 error   syscall: 'mkdir',
75 error   path: '/usr/local/lib/node_modules/bower',
75 error   fstream_type: 'Directory',
75 error   fstream_path: '/usr/local/lib/node_modules/bower',
75 error   fstream_class: 'DirWriter',
75 error   fstream_stack:
75 error    [ '/usr/local/lib/node_modules/npm/node_modules/fstream/lib/dir-writer.js:35:25',
75 error      '/usr/local/lib/node_modules/npm/node_modules/mkdirp/index.js:47:53',
75 error      'FSReqWrap.oncomplete (fs.js:82:15)' ] }
76 error Please try running this command again as root/Administrator.
77 verbose exit [ -13, true ]
78 verbose unbuild lib/node_modules/bower
79 silly gentlyRm /usr/local/lib/node_modules/bower is being purged from base /usr/local
80 verbose gentlyRm don't care about contents; nuking /usr/local/lib/node_modules/bower
